<?xml version="1.0" encoding="UTF-8"?>
<!-- Generated by org.testng.reporters.JUnitReportReporter -->
<testsuite hostname="620jnbpbb313l" failures="0" tests="1" name="mukuru_testCases.TC_Registrattion" time="22.409" errors="0" timestamp="07 Sep 2020 07:37:17 GMT" skipped="0">
  <testcase classname="mukuru_testCases.TC_Registrattion" name="registration" time="22.409"/>
</testsuite> <!-- mukuru_testCases.TC_Registrattion -->
