<?xml version="1.0" encoding="UTF-8"?>
<!-- Generated by org.testng.reporters.JUnitReportReporter -->
<testsuite hostname="620jnbpbb313l" failures="0" tests="2" name="mukuru_testCases.TC_Search" time="14.730" errors="0" timestamp="07 Sep 2020 07:37:17 GMT" skipped="0">
  <testcase classname="mukuru_testCases.TC_Search" name="SearchProductNegative" time="6.294"/>
  <testcase classname="mukuru_testCases.TC_Search" name="SearchProduct" time="8.436"/>
</testsuite> <!-- mukuru_testCases.TC_Search -->
