<?xml version="1.0" encoding="UTF-8"?>
<!-- Generated by org.testng.reporters.JUnitReportReporter -->
<testsuite hostname="620jnbpbb313l" failures="0" tests="2" name="mukuru_testCases.TC_ContactUS" time="34.971" errors="0" timestamp="07 Sep 2020 07:37:17 GMT" skipped="0">
  <testcase classname="mukuru_testCases.TC_ContactUS" name="contactUsNeg" time="17.247"/>
  <testcase classname="mukuru_testCases.TC_ContactUS" name="contactUsPositive" time="17.724"/>
</testsuite> <!-- mukuru_testCases.TC_ContactUS -->
