<?xml version="1.0" encoding="UTF-8"?>
<!-- Generated by org.testng.reporters.JUnitReportReporter -->
<testsuite hostname="620jnbpbb313l" failures="0" tests="2" name="mukuru_testCases.TC_ContactUS" time="17.713" errors="0" timestamp="06 Sep 2020 18:45:30 GMT" skipped="0">
  <testcase classname="mukuru_testCases.TC_ContactUS" name="contactUsPositive" time="7.917"/>
  <testcase classname="mukuru_testCases.TC_ContactUS" name="contactUsNeg" time="9.796"/>
</testsuite> <!-- mukuru_testCases.TC_ContactUS -->
