<?xml version="1.0" encoding="UTF-8"?>
<!-- Generated by org.testng.reporters.JUnitReportReporter -->
<testsuite hostname="620jnbpbb313l" failures="0" tests="2" name="mukuru_testCases.TC_Search" time="10.777" errors="0" timestamp="06 Sep 2020 18:45:30 GMT" skipped="0">
  <testcase classname="mukuru_testCases.TC_Search" name="SearchProductNegative" time="4.783"/>
  <testcase classname="mukuru_testCases.TC_Search" name="SearchProduct" time="5.994"/>
</testsuite> <!-- mukuru_testCases.TC_Search -->
