<?xml version="1.0" encoding="UTF-8"?>
<!-- Generated by org.testng.reporters.JUnitReportReporter -->
<testsuite hostname="620jnbpbb313l" failures="0" tests="1" name="mukuru_testCases.TC_Registrattion" time="21.519" errors="0" timestamp="06 Sep 2020 18:45:30 GMT" skipped="0">
  <testcase classname="mukuru_testCases.TC_Registrattion" name="registration" time="21.519"/>
</testsuite> <!-- mukuru_testCases.TC_Registrattion -->
