<?xml version="1.0" encoding="UTF-8"?>
<!-- Generated by org.testng.reporters.JUnitReportReporter -->
<testsuite hostname="620jnbpbb313l" failures="0" tests="2" name="mukuru_testCases.LaunchBrowser" time="21.710" errors="0" timestamp="05 Sep 2020 11:26:12 GMT" skipped="0">
  <testcase classname="mukuru_testCases.LaunchBrowser" name="SearchProduct" time="5.408"/>
  <testcase classname="mukuru_testCases.LaunchBrowser" name="MenuNavigation" time="16.302"/>
</testsuite> <!-- mukuru_testCases.LaunchBrowser -->
