<?xml version="1.0" encoding="UTF-8"?>
<!-- Generated by org.testng.reporters.JUnitReportReporter -->
<testsuite hostname="620jnbpbb313l" failures="0" tests="2" name="mukuru_testCases.TC_Search" time="10.157" errors="0" timestamp="07 Sep 2020 06:24:35 GMT" skipped="0">
  <testcase classname="mukuru_testCases.TC_Search" name="SearchProductNegative" time="4.004"/>
  <testcase classname="mukuru_testCases.TC_Search" name="SearchProduct" time="6.153"/>
</testsuite> <!-- mukuru_testCases.TC_Search -->
