<?xml version="1.0" encoding="UTF-8"?>
<!-- Generated by org.testng.reporters.JUnitReportReporter -->
<testsuite hostname="620jnbpbb313l" failures="0" tests="1" name="mukuru_testCases.MenuTestCase" time="17.858" errors="0" timestamp="07 Sep 2020 06:24:35 GMT" skipped="0">
  <testcase classname="mukuru_testCases.MenuTestCase" name="MenuNavigation" time="17.858"/>
</testsuite> <!-- mukuru_testCases.MenuTestCase -->
