<?xml version="1.0" encoding="UTF-8"?>
<!-- Generated by org.testng.reporters.JUnitReportReporter -->
<testsuite hostname="620jnbpbb313l" failures="0" tests="2" name="mukuru_testCases.TC_Search" time="15.247" errors="0" timestamp="08 Sep 2020 15:16:43 GMT" skipped="0">
  <testcase classname="mukuru_testCases.TC_Search" name="SearchProduct" time="9.736"/>
  <testcase classname="mukuru_testCases.TC_Search" name="SearchProductNegative" time="5.511"/>
</testsuite> <!-- mukuru_testCases.TC_Search -->
